<?xml version="1.0" encoding="UTF-8"?>
<testsuite xmlns:xsi="http://www.w3.org/2001/XMLSchema-instance" xsi:noNamespaceSchemaLocation="https://maven.apache.org/surefire/maven-surefire-plugin/xsd/surefire-test-report-3.0.xsd" version="3.0" name="TestSuite" time="1,669.855" tests="1" errors="0" skipped="0" failures="0">
  <properties>
[...]
</properties>
  <testcase name="testApp on testApp(ScaffoldAPI.APIValidation.AppTest)" classname="ScaffoldAPI.APIValidation.AppTest" time="0.007">
    <system-out><![CDATA[Usage: <main class> [options] The XML suite files to run
  Options:
    -configfailurepolicy
       Configuration failure policy (skip or continue)
    -d
       Output directory
    -dataproviderthreadcount
       Number of threads to use when running data providers
    -excludegroups
       Comma-separated list of group names to  exclude
    -groups
       Comma-separated list of group names to be run
    -junit
       JUnit mode
       Default: false
    -listener
       List of .class files or list of class names implementing ITestListener or
       ISuiteListener
    -methods
       Comma separated of test methods
       Default: []
    -methodselectors
       List of .class files or list of class names implementing IMethodSelector
    -mixed
       Mixed mode - autodetect the type of current test and run it with
       appropriate runner
       Default: false
    -objectfactory
       List of .class files or list of class names implementing
       ITestRunnerFactory
    -parallel
       Parallel mode (methods, tests or classes)
       Possible Values: [tests, methods, classes, instances, none, true, false]
    -port
       The port
    -reporter
       Extended configuration for custom report listener
    -suitename
       Default name of test suite, if not specified in suite definition file or
       source code
    -suitethreadpoolsize
       Size of the thread pool to use to run suites
       Default: 1
    -testclass
       The list of test classes
    -testjar
       A jar file containing the tests
    -testname
       Default name of test, if not specified in suitedefinition file or source
       code
    -testnames
       The list of test names to run
    -testrunfactory, -testRunFactory
       The factory used to create tests
    -threadcount
       Number of threads to use when running tests in parallel
    -usedefaultlisteners
       Whether to use the default listeners
       Default: true
    -log, -verbose
       Level of verbosity
    -xmlpathinjar
       The full path to the xml file inside the jar file (only valid if -testjar
       was specified)
       Default: testng.xml


Scenario Outline: Validation of different sections in the Portal for admin profile # src/test/resources/Feature/WebAdmin/Generic/LogReportsValidation-Generic.feature:13
DriverChromeDriver: chrome on XP (45598415873cabd43194398906074a49)
Step 1
Initializing the browserBrowser was launched and navigated to URL:https://scaffold-dev.deliverain.io:5000/Login
Scenarionull
Logged in
  Given Login into Scaffold Log Automation Application As Admin                    # stepDefinitions.GeneratorReportMain.login_into_scaffold_log_automation_application_as_admin()
Login ValidationProfile image is displayed
Log out is displayed
Application logo is displayed
System Notification is displayed
All the verification points were confirmed post login
  And verify if user logged in sucessfully                                         # stepDefinitions.BaseDriver.verfiylogin()
24Hr Log Report Reportlog is displayed
  Then verify if "24Hr Log Report" report links are displayed                      # stepDefinitions.BaseDriver.verifyReportLogsion(java.lang.String)
  And click on the "24Hr Log Report" link                                          # stepDefinitions.ReportLogs.clickReportLogs(java.lang.String)
24Hr Log Report
24Hr Log Report Report Log is displayed
  And verify if "24Hr Log Report" Report log page is displayed                     # stepDefinitions.ReportLogs.verifyScaffoldReportLog(java.lang.String)
  Then Logout of the application                                                   # stepDefinitions.BaseDriver.logout_of_the_application()
      org.openqa.selenium.WebDriverException: element click intercepted: Element <a class="nav-link f-12 fw-500 c-blue logoutBtn" href="/Logout">...</a> is not clickable at point (1281, 53). Other element would receive the click: <div class="loader"></div>
  (Session info: chrome=100.0.4896.88)
Build info: version: '3.5.3', revision: 'a88d25fe6b', time: '2017-08-29T12:42:44.417Z'
System info: host: 'DESKTOP-SJ9UUPR', ip: '192.168.0.153', os.name: 'Windows 10', os.arch: 'amd64', os.version: '10.0', java.version: '1.8.0_281'
Driver info: org.openqa.selenium.chrome.ChromeDriver
Capabilities [{networkConnectionEnabled=false, chrome={chromedriverVersion=100.0.4896.60 (6a5d10861ce8de5fce22564658033b43cb7de047-refs/branch-heads/4896@{#875}), userDataDir=C:\Users\LENOVO\AppData\Local\Temp\scoped_dir4560_1290213954}, timeouts={implicit=0, pageLoad=300000, script=30000}, pageLoadStrategy=normal, unhandledPromptBehavior=dismiss and notify, strictFileInteractability=false, platform=XP, proxy=Proxy(), goog:chromeOptions={debuggerAddress=localhost:61565}, webauthn:extension:credBlob=true, acceptInsecureCerts=false, browserVersion=100.0.4896.88, browserName=chrome, javascriptEnabled=true, platformName=XP, setWindowRect=true, webauthn:extension:largeBlob=true, webauthn:virtualAuthenticators=true}]
Session ID: 45598415873cabd43194398906074a49
	at sun.reflect.NativeConstructorAccessorImpl.newInstance0(Native Method)
	at sun.reflect.NativeConstructorAccessorImpl.newInstance(NativeConstructorAccessorImpl.java:62)
	at sun.reflect.DelegatingConstructorAccessorImpl.newInstance(DelegatingConstructorAccessorImpl.java:45)
	at java.lang.reflect.Constructor.newInstance(Constructor.java:423)
	at org.openqa.selenium.remote.http.W3CHttpResponseCodec.createException(W3CHttpResponseCodec.java:185)
	at org.openqa.selenium.remote.http.W3CHttpResponseCodec.decode(W3CHttpResponseCodec.java:120)
	at org.openqa.selenium.remote.http.W3CHttpResponseCodec.decode(W3CHttpResponseCodec.java:49)
	at org.openqa.selenium.remote.HttpCommandExecutor.execute(HttpCommandExecutor.java:164)
	at org.openqa.selenium.remote.service.DriverCommandExecutor.execute(DriverCommandExecutor.java:82)
	at org.openqa.selenium.remote.RemoteWebDriver.execute(RemoteWebDriver.java:646)
	at org.openqa.selenium.remote.RemoteWebElement.execute(RemoteWebElement.java:275)
	at org.openqa.selenium.remote.RemoteWebElement.click(RemoteWebElement.java:82)
	at stepDefinitions.BaseDriver.logout_of_the_application(BaseDriver.java:72)
	at âœ½.Logout of the application(file:///E:/ScaffoldReport/Scaffold/AdminWebApp/AdminWebApp/AdminWebApp/src/test/resources/Feature/WebAdmin/Generic/LogReportsValidation-Generic.feature:9)


Scenario Outline: Validation of different sections in the Portal for admin profile # src/test/resources/Feature/WebAdmin/Generic/LogReportsValidation-Generic.feature:14
DriverChromeDriver: chrome on XP (45598415873cabd43194398906074a49)
Step 1
Initializing the browserBrowser was launched and navigated to URL:https://scaffold-dev.deliverain.io:5000/Login
Scenarionull
Logged in
  Given Login into Scaffold Log Automation Application As Admin                    # stepDefinitions.GeneratorReportMain.login_into_scaffold_log_automation_application_as_admin()
Login ValidationProfile image is displayed
Log out is displayed
Application logo is displayed
System Notification is displayed
All the verification points were confirmed post login
  And verify if user logged in sucessfully                                         # stepDefinitions.BaseDriver.verfiylogin()
Consolidated Reports Reportlog is displayed
  Then verify if "Consolidated Reports" report links are displayed                 # stepDefinitions.BaseDriver.verifyReportLogsion(java.lang.String)
  And click on the "Consolidated Reports" link                                     # stepDefinitions.ReportLogs.clickReportLogs(java.lang.String)
Consolidated Reports
Consolidated Reports Report Log is displayed
  And verify if "Consolidated Reports" Report log page is displayed                # stepDefinitions.ReportLogs.verifyScaffoldReportLog(java.lang.String)
  Then Logout of the application                                                   # stepDefinitions.BaseDriver.logout_of_the_application()

Scenario Outline: Validation of different sections in the Portal for admin profile # src/test/resources/Feature/WebAdmin/Generic/LogReportsValidation-Generic.feature:15
DriverChromeDriver: chrome on XP (45598415873cabd43194398906074a49)
Step 1
Initializing the browserBrowser was launched and navigated to URL:https://scaffold-dev.deliverain.io:5000/Login
Scenarionull
Logged in
  Given Login into Scaffold Log Automation Application As Admin                    # stepDefinitions.GeneratorReportMain.login_into_scaffold_log_automation_application_as_admin()
Login ValidationProfile image is displayed
Log out is displayed
Application logo is displayed
System Notification is displayed
All the verification points were confirmed post login
  And verify if user logged in sucessfully                                         # stepDefinitions.BaseDriver.verfiylogin()
Water Steam Cycle Local Log Reportlog is displayed
  Then verify if "Water Steam Cycle Local Log" report links are displayed          # stepDefinitions.BaseDriver.verifyReportLogsion(java.lang.String)
  And click on the "Water Steam Cycle Local Log" link                              # stepDefinitions.ReportLogs.clickReportLogs(java.lang.String)
Water Steam Cycle Local Log
Water Steam Cycle Local Log - Log No : 6
Water Steam Cycle Local Log Report Log is displayed
  And verify if "Water Steam Cycle Local Log" Report log page is displayed         # stepDefinitions.ReportLogs.verifyScaffoldReportLog(java.lang.String)
  Then Logout of the application                                                   # stepDefinitions.BaseDriver.logout_of_the_application()

Scenario Outline: Validation of different sections in the Portal for admin profile # src/test/resources/Feature/WebAdmin/Generic/LogReportsValidation-Generic.feature:16
DriverChromeDriver: chrome on XP (45598415873cabd43194398906074a49)
Step 1
Initializing the browserBrowser was launched and navigated to URL:https://scaffold-dev.deliverain.io:5000/Login
Scenarionull
Logged in
  Given Login into Scaffold Log Automation Application As Admin                    # stepDefinitions.GeneratorReportMain.login_into_scaffold_log_automation_application_as_admin()
Login ValidationProfile image is displayed
Log out is displayed
Application logo is displayed
System Notification is displayed
All the verification points were confirmed post login
  And verify if user logged in sucessfully                                         # stepDefinitions.BaseDriver.verfiylogin()
Generator Hourly Log - Main Reportlog is displayed
  Then verify if "Generator Hourly Log - Main" report links are displayed          # stepDefinitions.BaseDriver.verifyReportLogsion(java.lang.String)
  And click on the "Generator Hourly Log - Main" link                              # stepDefinitions.ReportLogs.clickReportLogs(java.lang.String)
Generator Hourly Log - Main
Generator Hourly Log (Main) - Log No : 13
Generator Hourly Log - Main Report Log is not displayed
  And verify if "Generator Hourly Log - Main" Report log page is displayed         # stepDefinitions.ReportLogs.verifyScaffoldReportLog(java.lang.String)
  Then Logout of the application                                                   # stepDefinitions.BaseDriver.logout_of_the_application()

Scenario Outline: Validation of different sections in the Portal for admin profile # src/test/resources/Feature/WebAdmin/Generic/LogReportsValidation-Generic.feature:17
DriverChromeDriver: chrome on XP (45598415873cabd43194398906074a49)
Step 1
Initializing the browserBrowser was launched and navigated to URL:https://scaffold-dev.deliverain.io:5000/Login
Scenarionull
Logged in
  Given Login into Scaffold Log Automation Application As Admin                    # stepDefinitions.GeneratorReportMain.login_into_scaffold_log_automation_application_as_admin()
Login ValidationProfile image is displayed
Log out is displayed
Application logo is displayed
System Notification is displayed
All the verification points were confirmed post login
  And verify if user logged in sucessfully                                         # stepDefinitions.BaseDriver.verfiylogin()
Generator Hourly Log - Check Reportlog is displayed
  Then verify if "Generator Hourly Log - Check" report links are displayed         # stepDefinitions.BaseDriver.verifyReportLogsion(java.lang.String)
  And click on the "Generator Hourly Log - Check" link                             # stepDefinitions.ReportLogs.clickReportLogs(java.lang.String)
Generator Hourly Log - Check
Generator Hourly Log (Check) - Log No : 13
Generator Hourly Log - Check Report Log is not displayed
  And verify if "Generator Hourly Log - Check" Report log page is displayed        # stepDefinitions.ReportLogs.verifyScaffoldReportLog(java.lang.String)
  Then Logout of the application                                                   # stepDefinitions.BaseDriver.logout_of_the_application()

Scenario Outline: Validation of different sections in the Portal for admin profile # src/test/resources/Feature/WebAdmin/Generic/LogReportsValidation-Generic.feature:18
DriverChromeDriver: chrome on XP (45598415873cabd43194398906074a49)
Step 1
Initializing the browserBrowser was launched and navigated to URL:https://scaffold-dev.deliverain.io:5000/Login
Scenarionull
Logged in
  Given Login into Scaffold Log Automation Application As Admin                    # stepDefinitions.GeneratorReportMain.login_into_scaffold_log_automation_application_as_admin()
Login ValidationProfile image is displayed
Log out is displayed
Application logo is displayed
System Notification is displayed
All the verification points were confirmed post login
  And verify if user logged in sucessfully                                         # stepDefinitions.BaseDriver.verfiylogin()
Turbine Local Log Reportlog is displayed
  Then verify if "Turbine Local Log" report links are displayed                    # stepDefinitions.BaseDriver.verifyReportLogsion(java.lang.String)
  And click on the "Turbine Local Log" link                                        # stepDefinitions.ReportLogs.clickReportLogs(java.lang.String)
Turbine Local Log
Turbine Local Log - Log No : 5
Turbine Local Log Report Log is displayed
  And verify if "Turbine Local Log" Report log page is displayed                   # stepDefinitions.ReportLogs.verifyScaffoldReportLog(java.lang.String)
  Then Logout of the application                                                   # stepDefinitions.BaseDriver.logout_of_the_application()

Scenario Outline: Validation of different sections in the Portal for admin profile # src/test/resources/Feature/WebAdmin/Generic/LogReportsValidation-Generic.feature:19
DriverChromeDriver: chrome on XP (45598415873cabd43194398906074a49)
Step 1
Initializing the browserBrowser was launched and navigated to URL:https://scaffold-dev.deliverain.io:5000/Login
Scenarionull
Logged in
  Given Login into Scaffold Log Automation Application As Admin                    # stepDefinitions.GeneratorReportMain.login_into_scaffold_log_automation_application_as_admin()
Login ValidationProfile image is displayed
Log out is displayed
Application logo is displayed
System Notification is displayed
All the verification points were confirmed post login
  And verify if user logged in sucessfully                                         # stepDefinitions.BaseDriver.verfiylogin()
MCR TG and WSC Log Reportlog is displayed
  Then verify if "MCR TG and WSC Log" report links are displayed                   # stepDefinitions.BaseDriver.verifyReportLogsion(java.lang.String)
  And click on the "MCR TG and WSC Log" link                                       # stepDefinitions.ReportLogs.clickReportLogs(java.lang.String)
MCR TG and WSC Log
MCR TG and WSC Log - Log No : 3
MCR TG and WSC Log Report Log is displayed
  And verify if "MCR TG and WSC Log" Report log page is displayed                  # stepDefinitions.ReportLogs.verifyScaffoldReportLog(java.lang.String)
  Then Logout of the application                                                   # stepDefinitions.BaseDriver.logout_of_the_application()

Scenario Outline: Validation of different sections in the Portal for admin profile       # src/test/resources/Feature/WebAdmin/Generic/LogReportsValidation-Generic.feature:20
DriverChromeDriver: chrome on XP (45598415873cabd43194398906074a49)
Step 1
Initializing the browserBrowser was launched and navigated to URL:https://scaffold-dev.deliverain.io:5000/Login
Scenarionull
Logged in
  Given Login into Scaffold Log Automation Application As Admin                          # stepDefinitions.GeneratorReportMain.login_into_scaffold_log_automation_application_as_admin()
Login ValidationProfile image is displayed
Log out is displayed
Application logo is displayed
System Notification is displayed
All the verification points were confirmed post login
  And verify if user logged in sucessfully                                               # stepDefinitions.BaseDriver.verfiylogin()
Switchyard Energy Meter Hourly Log - Main Reportlog is displayed
  Then verify if "Switchyard Energy Meter Hourly Log - Main" report links are displayed  # stepDefinitions.BaseDriver.verifyReportLogsion(java.lang.String)
  And click on the "Switchyard Energy Meter Hourly Log - Main" link                      # stepDefinitions.ReportLogs.clickReportLogs(java.lang.String)
Switchyard Energy Meter Hourly Log - Main
Switchyard Energy Meter Hourly Log (Main) - Log No : 22
Switchyard Energy Meter Hourly Log - Main Report Log is not displayed
  And verify if "Switchyard Energy Meter Hourly Log - Main" Report log page is displayed # stepDefinitions.ReportLogs.verifyScaffoldReportLog(java.lang.String)
  Then Logout of the application                                                         # stepDefinitions.BaseDriver.logout_of_the_application()

Scenario Outline: Validation of different sections in the Portal for admin profile        # src/test/resources/Feature/WebAdmin/Generic/LogReportsValidation-Generic.feature:21
DriverChromeDriver: chrome on XP (45598415873cabd43194398906074a49)
Step 1
Initializing the browserBrowser was launched and navigated to URL:https://scaffold-dev.deliverain.io:5000/Login
Scenarionull
Logged in
  Given Login into Scaffold Log Automation Application As Admin                           # stepDefinitions.GeneratorReportMain.login_into_scaffold_log_automation_application_as_admin()
Login ValidationProfile image is displayed
Log out is displayed
Application logo is displayed
System Notification is displayed
All the verification points were confirmed post login
  And verify if user logged in sucessfully                                                # stepDefinitions.BaseDriver.verfiylogin()
Switchyard Energy Meter Hourly Log - Check Reportlog is displayed
  Then verify if "Switchyard Energy Meter Hourly Log - Check" report links are displayed  # stepDefinitions.BaseDriver.verifyReportLogsion(java.lang.String)
  And click on the "Switchyard Energy Meter Hourly Log - Check" link                      # stepDefinitions.ReportLogs.clickReportLogs(java.lang.String)
Switchyard Energy Meter Hourly Log - Check
Switchyard Energy Meter Hourly Log (Check) - Log No : 22
Switchyard Energy Meter Hourly Log - Check Report Log is not displayed
  And verify if "Switchyard Energy Meter Hourly Log - Check" Report log page is displayed # stepDefinitions.ReportLogs.verifyScaffoldReportLog(java.lang.String)
  Then Logout of the application                                                          # stepDefinitions.BaseDriver.logout_of_the_application()

Scenario Outline: Validation of different sections in the Portal for admin profile # src/test/resources/Feature/WebAdmin/Generic/LogReportsValidation-Generic.feature:22
DriverChromeDriver: chrome on XP (45598415873cabd43194398906074a49)
Step 1
Initializing the browserBrowser was launched and navigated to URL:https://scaffold-dev.deliverain.io:5000/Login
Scenarionull
Logged in
  Given Login into Scaffold Log Automation Application As Admin                    # stepDefinitions.GeneratorReportMain.login_into_scaffold_log_automation_application_as_admin()
Login ValidationProfile image is displayed
Log out is displayed
Application logo is displayed
System Notification is displayed
All the verification points were confirmed post login
  And verify if user logged in sucessfully                                         # stepDefinitions.BaseDriver.verfiylogin()
Switchyard Log - I Reportlog is displayed
  Then verify if "Switchyard Log - I" report links are displayed                   # stepDefinitions.BaseDriver.verifyReportLogsion(java.lang.String)
  And click on the "Switchyard Log - I" link                                       # stepDefinitions.ReportLogs.clickReportLogs(java.lang.String)
Switchyard Log - I
Switchyard Log - I - Log No : 17
Switchyard Log - I Report Log is displayed
  And verify if "Switchyard Log - I" Report log page is displayed                  # stepDefinitions.ReportLogs.verifyScaffoldReportLog(java.lang.String)
  Then Logout of the application                                                   # stepDefinitions.BaseDriver.logout_of_the_application()

Scenario Outline: Validation of different sections in the Portal for admin profile # src/test/resources/Feature/WebAdmin/Generic/LogReportsValidation-Generic.feature:23
DriverChromeDriver: chrome on XP (45598415873cabd43194398906074a49)
Step 1
Initializing the browserBrowser was launched and navigated to URL:https://scaffold-dev.deliverain.io:5000/Login
Scenarionull
Logged in
  Given Login into Scaffold Log Automation Application As Admin                    # stepDefinitions.GeneratorReportMain.login_into_scaffold_log_automation_application_as_admin()
Login ValidationProfile image is displayed
Log out is displayed
Application logo is displayed
System Notification is displayed
All the verification points were confirmed post login
  And verify if user logged in sucessfully                                         # stepDefinitions.BaseDriver.verfiylogin()
MCR Boiler Log Reportlog is displayed
  Then verify if "MCR Boiler Log" report links are displayed                       # stepDefinitions.BaseDriver.verifyReportLogsion(java.lang.String)
  And click on the "MCR Boiler Log" link                                           # stepDefinitions.ReportLogs.clickReportLogs(java.lang.String)
MCR Boiler Log
MCR Boiler Log - Log No : 2
MCR Boiler Log Report Log is displayed
  And verify if "MCR Boiler Log" Report log page is displayed                      # stepDefinitions.ReportLogs.verifyScaffoldReportLog(java.lang.String)
  Then Logout of the application                                                   # stepDefinitions.BaseDriver.logout_of_the_application()

Scenario Outline: Validation of different sections in the Portal for admin profile # src/test/resources/Feature/WebAdmin/Generic/LogReportsValidation-Generic.feature:24
DriverChromeDriver: chrome on XP (45598415873cabd43194398906074a49)
Step 1
Initializing the browserBrowser was launched and navigated to URL:https://scaffold-dev.deliverain.io:5000/Login
Scenarionull
Logged in
  Given Login into Scaffold Log Automation Application As Admin                    # stepDefinitions.GeneratorReportMain.login_into_scaffold_log_automation_application_as_admin()
Login ValidationProfile image is displayed
Log out is displayed
Application logo is displayed
System Notification is displayed
All the verification points were confirmed post login
  And verify if user logged in sucessfully                                         # stepDefinitions.BaseDriver.verfiylogin()
Boiler Local Log Reportlog is displayed
  Then verify if "Boiler Local Log" report links are displayed                     # stepDefinitions.BaseDriver.verifyReportLogsion(java.lang.String)
  And click on the "Boiler Local Log" link                                         # stepDefinitions.ReportLogs.clickReportLogs(java.lang.String)
Boiler Local Log
Boiler Local Log - Log No : 4
Boiler Local Log Report Log is displayed
  And verify if "Boiler Local Log" Report log page is displayed                    # stepDefinitions.ReportLogs.verifyScaffoldReportLog(java.lang.String)
  Then Logout of the application                                                   # stepDefinitions.BaseDriver.logout_of_the_application()

Scenario Outline: Validation of different sections in the Portal for admin profile # src/test/resources/Feature/WebAdmin/Generic/LogReportsValidation-Generic.feature:25
DriverChromeDriver: chrome on XP (45598415873cabd43194398906074a49)
Step 1
Initializing the browserBrowser was launched and navigated to URL:https://scaffold-dev.deliverain.io:5000/Login
Scenarionull
Logged in
  Given Login into Scaffold Log Automation Application As Admin                    # stepDefinitions.GeneratorReportMain.login_into_scaffold_log_automation_application_as_admin()
Login ValidationProfile image is displayed
Log out is displayed
Application logo is displayed
System Notification is displayed
All the verification points were confirmed post login
  And verify if user logged in sucessfully                                         # stepDefinitions.BaseDriver.verfiylogin()
UPS - Log Reportlog is displayed
  Then verify if "UPS - Log" report links are displayed                            # stepDefinitions.BaseDriver.verifyReportLogsion(java.lang.String)
  And click on the "UPS - Log" link                                                # stepDefinitions.ReportLogs.clickReportLogs(java.lang.String)
UPS - Log
UPS - Log - Log No : 19
UPS - Log Report Log is displayed
  And verify if "UPS - Log" Report log page is displayed                           # stepDefinitions.ReportLogs.verifyScaffoldReportLog(java.lang.String)
  Then Logout of the application                                                   # stepDefinitions.BaseDriver.logout_of_the_application()

Scenario Outline: Validation of different sections in the Portal for admin profile # src/test/resources/Feature/WebAdmin/Generic/LogReportsValidation-Generic.feature:26
DriverChromeDriver: chrome on XP (45598415873cabd43194398906074a49)
Step 1
Initializing the browserBrowser was launched and navigated to URL:https://scaffold-dev.deliverain.io:5000/Login
Scenarionull
Logged in
  Given Login into Scaffold Log Automation Application As Admin                    # stepDefinitions.GeneratorReportMain.login_into_scaffold_log_automation_application_as_admin()
Login ValidationProfile image is displayed
Log out is displayed
Application logo is displayed
System Notification is displayed
All the verification points were confirmed post login
  And verify if user logged in sucessfully                                         # stepDefinitions.BaseDriver.verfiylogin()
MLDC Report Log Reportlog is displayed
  Then verify if "MLDC Report Log" report links are displayed                      # stepDefinitions.BaseDriver.verifyReportLogsion(java.lang.String)
  And click on the "MLDC Report Log" link                                          # stepDefinitions.ReportLogs.clickReportLogs(java.lang.String)
MLDC Report Log
MLDC Report Log - Log No : 20
MLDC Report Log Report Log is displayed
  And verify if "MLDC Report Log" Report log page is displayed                     # stepDefinitions.ReportLogs.verifyScaffoldReportLog(java.lang.String)
  Then Logout of the application                                                   # stepDefinitions.BaseDriver.logout_of_the_application()

Scenario Outline: Validation of different sections in the Portal for admin profile # src/test/resources/Feature/WebAdmin/Generic/LogReportsValidation-Generic.feature:27
DriverChromeDriver: chrome on XP (45598415873cabd43194398906074a49)
Step 1
Initializing the browserBrowser was launched and navigated to URL:https://scaffold-dev.deliverain.io:5000/Login
Scenarionull
Logged in
  Given Login into Scaffold Log Automation Application As Admin                    # stepDefinitions.GeneratorReportMain.login_into_scaffold_log_automation_application_as_admin()
Login ValidationProfile image is displayed
Log out is displayed
Application logo is displayed
System Notification is displayed
All the verification points were confirmed post login
  And verify if user logged in sucessfully                                         # stepDefinitions.BaseDriver.verfiylogin()
Equipment Status Log Reportlog is displayed
  Then verify if "Equipment Status Log" report links are displayed                 # stepDefinitions.BaseDriver.verifyReportLogsion(java.lang.String)
  And click on the "Equipment Status Log" link                                     # stepDefinitions.ReportLogs.clickReportLogs(java.lang.String)
Equipment Status Log
Equipment Status Log - Log No : 1
Equipment Status Log Report Log is displayed
  And verify if "Equipment Status Log" Report log page is displayed                # stepDefinitions.ReportLogs.verifyScaffoldReportLog(java.lang.String)
  Then Logout of the application                                                   # stepDefinitions.BaseDriver.logout_of_the_application()

Scenario Outline: Validation of different sections in the Portal for admin profile                # src/test/resources/Feature/WebAdmin/Generic/LogReportsValidation-Generic.feature:28
DriverChromeDriver: chrome on XP (45598415873cabd43194398906074a49)
Step 1
Initializing the browserBrowser was launched and navigated to URL:https://scaffold-dev.deliverain.io:5000/Login
Scenarionull
Logged in
  Given Login into Scaffold Log Automation Application As Admin                                   # stepDefinitions.GeneratorReportMain.login_into_scaffold_log_automation_application_as_admin()
Login ValidationProfile image is displayed
Log out is displayed
Application logo is displayed
System Notification is displayed
All the verification points were confirmed post login
  And verify if user logged in sucessfully                                                        # stepDefinitions.BaseDriver.verfiylogin()
Ash Handling Plant and FOPH Operator Assistant Log Reportlog is displayed
  Then verify if "Ash Handling Plant and FOPH Operator Assistant Log" report links are displayed  # stepDefinitions.BaseDriver.verifyReportLogsion(java.lang.String)
  And click on the "Ash Handling Plant and FOPH Operator Assistant Log" link                      # stepDefinitions.ReportLogs.clickReportLogs(java.lang.String)
Ash Handling Plant and FOPH Operator Assistant Log
Ash Handling Plant and FOPH Operator Assistant Log - Log No : 8
Ash Handling Plant and FOPH Operator Assistant Log Report Log is displayed
  And verify if "Ash Handling Plant and FOPH Operator Assistant Log" Report log page is displayed # stepDefinitions.ReportLogs.verifyScaffoldReportLog(java.lang.String)
  Then Logout of the application                                                                  # stepDefinitions.BaseDriver.logout_of_the_application()

Scenario Outline: Validation of different sections in the Portal for admin profile # src/test/resources/Feature/WebAdmin/Generic/LogReportsValidation-Generic.feature:29
DriverChromeDriver: chrome on XP (45598415873cabd43194398906074a49)
Step 1
Initializing the browserBrowser was launched and navigated to URL:https://scaffold-dev.deliverain.io:5000/Login
Scenarionull
Logged in
  Given Login into Scaffold Log Automation Application As Admin                    # stepDefinitions.GeneratorReportMain.login_into_scaffold_log_automation_application_as_admin()
Login ValidationProfile image is displayed
Log out is displayed
Application logo is displayed
System Notification is displayed
All the verification points were confirmed post login
  And verify if user logged in sucessfully                                         # stepDefinitions.BaseDriver.verfiylogin()
Auxiliary Boiler Log Reportlog is displayed
  Then verify if "Auxiliary Boiler Log" report links are displayed                 # stepDefinitions.BaseDriver.verifyReportLogsion(java.lang.String)
  And click on the "Auxiliary Boiler Log" link                                     # stepDefinitions.ReportLogs.clickReportLogs(java.lang.String)
Auxiliary Boiler Log
Auxiliary Boiler Log - Log No : 11
Auxiliary Boiler Log Report Log is displayed
  And verify if "Auxiliary Boiler Log" Report log page is displayed                # stepDefinitions.ReportLogs.verifyScaffoldReportLog(java.lang.String)
  Then Logout of the application                                                   # stepDefinitions.BaseDriver.logout_of_the_application()

Scenario Outline: Validation of different sections in the Portal for admin profile     # src/test/resources/Feature/WebAdmin/Generic/LogReportsValidation-Generic.feature:30
DriverChromeDriver: chrome on XP (45598415873cabd43194398906074a49)
Step 1
Initializing the browserBrowser was launched and navigated to URL:https://scaffold-dev.deliverain.io:5000/Login
Scenarionull
Logged in
  Given Login into Scaffold Log Automation Application As Admin                        # stepDefinitions.GeneratorReportMain.login_into_scaffold_log_automation_application_as_admin()
Login ValidationProfile image is displayed
Log out is displayed
Application logo is displayed
System Notification is displayed
All the verification points were confirmed post login
  And verify if user logged in sucessfully                                             # stepDefinitions.BaseDriver.verfiylogin()
Balance of Plant Operator Assistant Log Reportlog is displayed
  Then verify if "Balance of Plant Operator Assistant Log" report links are displayed  # stepDefinitions.BaseDriver.verifyReportLogsion(java.lang.String)
  And click on the "Balance of Plant Operator Assistant Log" link                      # stepDefinitions.ReportLogs.clickReportLogs(java.lang.String)
Balance of Plant Operator Assistant Log
Balance of Plant Operator Assistant Log - Log No : 10
Balance of Plant Operator Assistant Log Report Log is displayed
  And verify if "Balance of Plant Operator Assistant Log" Report log page is displayed # stepDefinitions.ReportLogs.verifyScaffoldReportLog(java.lang.String)
  Then Logout of the application                                                       # stepDefinitions.BaseDriver.logout_of_the_application()

Scenario Outline: Validation of different sections in the Portal for admin profile            # src/test/resources/Feature/WebAdmin/Generic/LogReportsValidation-Generic.feature:31
DriverChromeDriver: chrome on XP (45598415873cabd43194398906074a49)
Step 1
Initializing the browserBrowser was launched and navigated to URL:https://scaffold-dev.deliverain.io:5000/Login
Scenarionull
Logged in
  Given Login into Scaffold Log Automation Application As Admin                               # stepDefinitions.GeneratorReportMain.login_into_scaffold_log_automation_application_as_admin()
Login ValidationProfile image is displayed
Log out is displayed
Application logo is displayed
System Notification is displayed
All the verification points were confirmed post login
  And verify if user logged in sucessfully                                                    # stepDefinitions.BaseDriver.verfiylogin()
Clarifier Chemical Dosing Monitoring Local Log Reportlog is displayed
  Then verify if "Clarifier Chemical Dosing Monitoring Local Log" report links are displayed  # stepDefinitions.BaseDriver.verifyReportLogsion(java.lang.String)
  And click on the "Clarifier Chemical Dosing Monitoring Local Log" link                      # stepDefinitions.ReportLogs.clickReportLogs(java.lang.String)
Clarifier Chemical Dosing Monitoring Local Log
Clarifier Chemical Dosing Monitoring Local Log - Log No : 25
Clarifier Chemical Dosing Monitoring Local Log Report Log is displayed
  And verify if "Clarifier Chemical Dosing Monitoring Local Log" Report log page is displayed # stepDefinitions.ReportLogs.verifyScaffoldReportLog(java.lang.String)
  Then Logout of the application                                                              # stepDefinitions.BaseDriver.logout_of_the_application()

Scenario Outline: Validation of different sections in the Portal for admin profile # src/test/resources/Feature/WebAdmin/Generic/LogReportsValidation-Generic.feature:32
DriverChromeDriver: chrome on XP (45598415873cabd43194398906074a49)
Step 1
Initializing the browserBrowser was launched and navigated to URL:https://scaffold-dev.deliverain.io:5000/Login
Scenarionull
Logged in
  Given Login into Scaffold Log Automation Application As Admin                    # stepDefinitions.GeneratorReportMain.login_into_scaffold_log_automation_application_as_admin()
Login ValidationProfile image is displayed
Log out is displayed
Application logo is displayed
System Notification is displayed
All the verification points were confirmed post login
  And verify if user logged in sucessfully                                         # stepDefinitions.BaseDriver.verfiylogin()
Balance of Plant Log Reportlog is displayed
  Then verify if "Balance of Plant Log" report links are displayed                 # stepDefinitions.BaseDriver.verifyReportLogsion(java.lang.String)
  And click on the "Balance of Plant Log" link                                     # stepDefinitions.ReportLogs.clickReportLogs(java.lang.String)
Balance of Plant Log
Balance of Plant Log - Log No : 10
Balance of Plant Log Report Log is displayed
  And verify if "Balance of Plant Log" Report log page is displayed                # stepDefinitions.ReportLogs.verifyScaffoldReportLog(java.lang.String)
  Then Logout of the application                                                   # stepDefinitions.BaseDriver.logout_of_the_application()

Scenario Outline: Validation of different sections in the Portal for admin profile # src/test/resources/Feature/WebAdmin/Generic/LogReportsValidation-Generic.feature:33
DriverChromeDriver: chrome on XP (45598415873cabd43194398906074a49)
Step 1
Initializing the browserBrowser was launched and navigated to URL:https://scaffold-dev.deliverain.io:5000/Login
Scenarionull
Logged in
  Given Login into Scaffold Log Automation Application As Admin                    # stepDefinitions.GeneratorReportMain.login_into_scaffold_log_automation_application_as_admin()
Login ValidationProfile image is displayed
Log out is displayed
Application logo is displayed
System Notification is displayed
All the verification points were confirmed post login
  And verify if user logged in sucessfully                                         # stepDefinitions.BaseDriver.verfiylogin()
Ash Handling Plant and FOPH Log Reportlog is displayed
  Then verify if "Ash Handling Plant and FOPH Log" report links are displayed      # stepDefinitions.BaseDriver.verifyReportLogsion(java.lang.String)
  And click on the "Ash Handling Plant and FOPH Log" link                          # stepDefinitions.ReportLogs.clickReportLogs(java.lang.String)
Ash Handling Plant and FOPH Log
Ash Handling Plant and FOPH Log - Log No : 8
Ash Handling Plant and FOPH Log Report Log is displayed
  And verify if "Ash Handling Plant and FOPH Log" Report log page is displayed     # stepDefinitions.ReportLogs.verifyScaffoldReportLog(java.lang.String)
  Then Logout of the application                                                   # stepDefinitions.BaseDriver.logout_of_the_application()

Scenario Outline: Validation of different sections in the Portal for admin profile # src/test/resources/Feature/WebAdmin/Generic/LogReportsValidation-Generic.feature:34
DriverChromeDriver: chrome on XP (45598415873cabd43194398906074a49)
Step 1
Initializing the browserBrowser was launched and navigated to URL:https://scaffold-dev.deliverain.io:5000/Login
Scenarionull
Logged in
  Given Login into Scaffold Log Automation Application As Admin                    # stepDefinitions.GeneratorReportMain.login_into_scaffold_log_automation_application_as_admin()
Login ValidationProfile image is displayed
Log out is displayed
Application logo is displayed
System Notification is displayed
All the verification points were confirmed post login
  And verify if user logged in sucessfully                                         # stepDefinitions.BaseDriver.verfiylogin()
Lignite Handling Plant Log Reportlog is displayed
  Then verify if "Lignite Handling Plant Log" report links are displayed           # stepDefinitions.BaseDriver.verifyReportLogsion(java.lang.String)
  And click on the "Lignite Handling Plant Log" link                               # stepDefinitions.ReportLogs.clickReportLogs(java.lang.String)
Lignite Handling Plant Log
Lignite Handling Plant Log - Log No : 9
Lignite Handling Plant Log Report Log is displayed
  And verify if "Lignite Handling Plant Log" Report log page is displayed          # stepDefinitions.ReportLogs.verifyScaffoldReportLog(java.lang.String)
  Then Logout of the application                                                   # stepDefinitions.BaseDriver.logout_of_the_application()

Scenario Outline: Validation of different sections in the Portal for admin profile # src/test/resources/Feature/WebAdmin/Generic/LogReportsValidation-Generic.feature:35
DriverChromeDriver: chrome on XP (45598415873cabd43194398906074a49)
Step 1
Initializing the browserBrowser was launched and navigated to URL:https://scaffold-dev.deliverain.io:5000/Login
Scenarionull
Logged in
  Given Login into Scaffold Log Automation Application As Admin                    # stepDefinitions.GeneratorReportMain.login_into_scaffold_log_automation_application_as_admin()
Login ValidationProfile image is displayed
Log out is displayed
Application logo is displayed
System Notification is displayed
All the verification points were confirmed post login
  And verify if user logged in sucessfully                                         # stepDefinitions.BaseDriver.verfiylogin()
DM Plant Log Reportlog is displayed
  Then verify if "DM Plant Log" report links are displayed                         # stepDefinitions.BaseDriver.verifyReportLogsion(java.lang.String)
  And click on the "DM Plant Log" link                                             # stepDefinitions.ReportLogs.clickReportLogs(java.lang.String)
DM Plant Log
DM Plant Log - Log No : 12
DM Plant Log Report Log is displayed
  And verify if "DM Plant Log" Report log page is displayed                        # stepDefinitions.ReportLogs.verifyScaffoldReportLog(java.lang.String)
  Then Logout of the application                                                   # stepDefinitions.BaseDriver.logout_of_the_application()

Scenario Outline: Validation of different sections in the Portal for admin profile # src/test/resources/Feature/WebAdmin/Generic/LogReportsValidation-Generic.feature:36
DriverChromeDriver: chrome on XP (45598415873cabd43194398906074a49)
Step 1
Initializing the browserBrowser was launched and navigated to URL:https://scaffold-dev.deliverain.io:5000/Login
Scenarionull
Logged in
  Given Login into Scaffold Log Automation Application As Admin                    # stepDefinitions.GeneratorReportMain.login_into_scaffold_log_automation_application_as_admin()
Login ValidationProfile image is displayed
Log out is displayed
Application logo is displayed
System Notification is displayed
All the verification points were confirmed post login
  And verify if user logged in sucessfully                                         # stepDefinitions.BaseDriver.verfiylogin()
Shutdown Log Reportlog is displayed
  Then verify if "Shutdown Log" report links are displayed                         # stepDefinitions.BaseDriver.verifyReportLogsion(java.lang.String)
  And click on the "Shutdown Log" link                                             # stepDefinitions.ReportLogs.clickReportLogs(java.lang.String)
Shutdown Log
Shutdown Log - Log No : 24
Shutdown Log Report Log is displayed
  And verify if "Shutdown Log" Report log page is displayed                        # stepDefinitions.ReportLogs.verifyScaffoldReportLog(java.lang.String)
  Then Logout of the application                                                   # stepDefinitions.BaseDriver.logout_of_the_application()

Scenario Outline: Validation of different sections in the Portal for admin profile # src/test/resources/Feature/WebAdmin/Generic/LogReportsValidation-Generic.feature:37
DriverChromeDriver: chrome on XP (45598415873cabd43194398906074a49)
Step 1
Initializing the browserBrowser was launched and navigated to URL:https://scaffold-dev.deliverain.io:5000/Login
Scenarionull
Logged in
  Given Login into Scaffold Log Automation Application As Admin                    # stepDefinitions.GeneratorReportMain.login_into_scaffold_log_automation_application_as_admin()
Login ValidationProfile image is displayed
Log out is displayed
Application logo is displayed
System Notification is displayed
All the verification points were confirmed post login
  And verify if user logged in sucessfully                                         # stepDefinitions.BaseDriver.verfiylogin()
24 Hours - Switchyard Reportlog is displayed
  Then verify if "24 Hours - Switchyard" report links are displayed                # stepDefinitions.BaseDriver.verifyReportLogsion(java.lang.String)
  And click on the "24 Hours - Switchyard" link                                    # stepDefinitions.ReportLogs.clickReportLogs(java.lang.String)
24 Hours - Switchyard
24 Hours - Switchyard - Log No : 0
24 Hours - Switchyard Report Log is displayed
  And verify if "24 Hours - Switchyard" Report log page is displayed               # stepDefinitions.ReportLogs.verifyScaffoldReportLog(java.lang.String)
  Then Logout of the application                                                   # stepDefinitions.BaseDriver.logout_of_the_application()

Scenario Outline: Validation of different sections in the Portal for admin profile # src/test/resources/Feature/WebAdmin/Generic/LogReportsValidation-Generic.feature:38
DriverChromeDriver: chrome on XP (45598415873cabd43194398906074a49)
Step 1
Initializing the browserBrowser was launched and navigated to URL:https://scaffold-dev.deliverain.io:5000/Login
Scenarionull
Logged in
  Given Login into Scaffold Log Automation Application As Admin                    # stepDefinitions.GeneratorReportMain.login_into_scaffold_log_automation_application_as_admin()
Login ValidationProfile image is displayed
Log out is displayed
Application logo is displayed
System Notification is displayed
All the verification points were confirmed post login
  And verify if user logged in sucessfully                                         # stepDefinitions.BaseDriver.verfiylogin()
24 Hours - Boiler DCS Reportlog is displayed
  Then verify if "24 Hours - Boiler DCS" report links are displayed                # stepDefinitions.BaseDriver.verifyReportLogsion(java.lang.String)
  And click on the "24 Hours - Boiler DCS" link                                    # stepDefinitions.ReportLogs.clickReportLogs(java.lang.String)
24 Hours - Boiler DCS
24 Hours - Boiler DCS - Log No : 0
24 Hours - Boiler DCS Report Log is displayed
  And verify if "24 Hours - Boiler DCS" Report log page is displayed               # stepDefinitions.ReportLogs.verifyScaffoldReportLog(java.lang.String)
  Then Logout of the application                                                   # stepDefinitions.BaseDriver.logout_of_the_application()

Scenario Outline: Validation of different sections in the Portal for admin profile # src/test/resources/Feature/WebAdmin/Generic/LogReportsValidation-Generic.feature:39
DriverChromeDriver: chrome on XP (45598415873cabd43194398906074a49)
Step 1
Initializing the browserBrowser was launched and navigated to URL:https://scaffold-dev.deliverain.io:5000/Login
Scenarionull
Logged in
  Given Login into Scaffold Log Automation Application As Admin                    # stepDefinitions.GeneratorReportMain.login_into_scaffold_log_automation_application_as_admin()
Login ValidationProfile image is displayed
Log out is displayed
Application logo is displayed
System Notification is displayed
All the verification points were confirmed post login
  And verify if user logged in sucessfully                                         # stepDefinitions.BaseDriver.verfiylogin()
24 Hours - Turbine DCS Reportlog is displayed
  Then verify if "24 Hours - Turbine DCS" report links are displayed               # stepDefinitions.BaseDriver.verifyReportLogsion(java.lang.String)
  And click on the "24 Hours - Turbine DCS" link                                   # stepDefinitions.ReportLogs.clickReportLogs(java.lang.String)
24 Hours - Turbine DCS
24 Hours - Turbine DCS - Log No : 0
24 Hours - Turbine DCS Report Log is displayed
  And verify if "24 Hours - Turbine DCS" Report log page is displayed              # stepDefinitions.ReportLogs.verifyScaffoldReportLog(java.lang.String)
  Then Logout of the application                                                   # stepDefinitions.BaseDriver.logout_of_the_application()

Scenario Outline: Validation of different sections in the Portal for admin profile # src/test/resources/Feature/WebAdmin/Generic/LogReportsValidation-Generic.feature:40
DriverChromeDriver: chrome on XP (45598415873cabd43194398906074a49)
Step 1
Initializing the browserBrowser was launched and navigated to URL:https://scaffold-dev.deliverain.io:5000/Login
Scenarionull
Logged in
  Given Login into Scaffold Log Automation Application As Admin                    # stepDefinitions.GeneratorReportMain.login_into_scaffold_log_automation_application_as_admin()
Login ValidationProfile image is displayed
Log out is displayed
Application logo is displayed
System Notification is displayed
All the verification points were confirmed post login
  And verify if user logged in sucessfully                                         # stepDefinitions.BaseDriver.verfiylogin()
24 Hours- Switchyard (PLCC) Reportlog is displayed
  Then verify if "24 Hours- Switchyard (PLCC)" report links are displayed          # stepDefinitions.BaseDriver.verifyReportLogsion(java.lang.String)
  And click on the "24 Hours- Switchyard (PLCC)" link                              # stepDefinitions.ReportLogs.clickReportLogs(java.lang.String)
24 Hours- Switchyard (PLCC)
24 Hours- Switchyard (PLCC) - Log No : 0
24 Hours- Switchyard (PLCC) Report Log is displayed
  And verify if "24 Hours- Switchyard (PLCC)" Report log page is displayed         # stepDefinitions.ReportLogs.verifyScaffoldReportLog(java.lang.String)
  Then Logout of the application                                                   # stepDefinitions.BaseDriver.logout_of_the_application()

Scenario Outline: Validation of different sections in the Portal for admin profile # src/test/resources/Feature/WebAdmin/Generic/LogReportsValidation-Generic.feature:41
DriverChromeDriver: chrome on XP (45598415873cabd43194398906074a49)
Step 1
Initializing the browserBrowser was launched and navigated to URL:https://scaffold-dev.deliverain.io:5000/Login
Scenarionull
Logged in
  Given Login into Scaffold Log Automation Application As Admin                    # stepDefinitions.GeneratorReportMain.login_into_scaffold_log_automation_application_as_admin()
Login ValidationProfile image is displayed
Log out is displayed
Application logo is displayed
System Notification is displayed
All the verification points were confirmed post login
  And verify if user logged in sucessfully                                         # stepDefinitions.BaseDriver.verfiylogin()
24 Hours- AHP Reportlog is displayed
  Then verify if "24 Hours- AHP" report links are displayed                        # stepDefinitions.BaseDriver.verifyReportLogsion(java.lang.String)
  And click on the "24 Hours- AHP" link                                            # stepDefinitions.ReportLogs.clickReportLogs(java.lang.String)
24 Hours- AHP
24 Hours- AHP - Log No : 0
24 Hours- AHP Report Log is displayed
  And verify if "24 Hours- AHP" Report log page is displayed                       # stepDefinitions.ReportLogs.verifyScaffoldReportLog(java.lang.String)
  Then Logout of the application                                                   # stepDefinitions.BaseDriver.logout_of_the_application()

Scenario Outline: Validation of different sections in the Portal for admin profile # src/test/resources/Feature/WebAdmin/Generic/LogReportsValidation-Generic.feature:42
DriverChromeDriver: chrome on XP (45598415873cabd43194398906074a49)
Step 1
Initializing the browserBrowser was launched and navigated to URL:https://scaffold-dev.deliverain.io:5000/Login
Scenarionull
Logged in
  Given Login into Scaffold Log Automation Application As Admin                    # stepDefinitions.GeneratorReportMain.login_into_scaffold_log_automation_application_as_admin()
Login ValidationProfile image is displayed
Log out is displayed
Application logo is displayed
System Notification is displayed
All the verification points were confirmed post login
  And verify if user logged in sucessfully                                         # stepDefinitions.BaseDriver.verfiylogin()
24 Hours- Boiler Field Reportlog is displayed
  Then verify if "24 Hours- Boiler Field" report links are displayed               # stepDefinitions.BaseDriver.verifyReportLogsion(java.lang.String)
  And click on the "24 Hours- Boiler Field" link                                   # stepDefinitions.ReportLogs.clickReportLogs(java.lang.String)
24 Hours- Boiler Field
24 Hours- Boiler Field - Log No : 0
24 Hours- Boiler Field Report Log is displayed
  And verify if "24 Hours- Boiler Field" Report log page is displayed              # stepDefinitions.ReportLogs.verifyScaffoldReportLog(java.lang.String)
  Then Logout of the application                                                   # stepDefinitions.BaseDriver.logout_of_the_application()

Scenario Outline: Validation of different sections in the Portal for admin profile # src/test/resources/Feature/WebAdmin/Generic/LogReportsValidation-Generic.feature:43
DriverChromeDriver: chrome on XP (45598415873cabd43194398906074a49)
Step 1
Initializing the browserBrowser was launched and navigated to URL:https://scaffold-dev.deliverain.io:5000/Login
Scenarionull
Logged in
  Given Login into Scaffold Log Automation Application As Admin                    # stepDefinitions.GeneratorReportMain.login_into_scaffold_log_automation_application_as_admin()
Login ValidationProfile image is displayed
Log out is displayed
Application logo is displayed
System Notification is displayed
All the verification points were confirmed post login
  And verify if user logged in sucessfully                                         # stepDefinitions.BaseDriver.verfiylogin()
24 Hours- LHP Reportlog is displayed
  Then verify if "24 Hours- LHP" report links are displayed                        # stepDefinitions.BaseDriver.verifyReportLogsion(java.lang.String)
  And click on the "24 Hours- LHP" link                                            # stepDefinitions.ReportLogs.clickReportLogs(java.lang.String)
24 Hours- LHP
24 Hours- LHP - Log No : 0
24 Hours- LHP Report Log is displayed
  And verify if "24 Hours- LHP" Report log page is displayed                       # stepDefinitions.ReportLogs.verifyScaffoldReportLog(java.lang.String)
  Then Logout of the application                                                   # stepDefinitions.BaseDriver.logout_of_the_application()

Scenario Outline: Validation of different sections in the Portal for admin profile # src/test/resources/Feature/WebAdmin/Generic/LogReportsValidation-Generic.feature:44
DriverChromeDriver: chrome on XP (45598415873cabd43194398906074a49)
Step 1
Initializing the browserBrowser was launched and navigated to URL:https://scaffold-dev.deliverain.io:5000/Login
Scenarionull
Logged in
  Given Login into Scaffold Log Automation Application As Admin                    # stepDefinitions.GeneratorReportMain.login_into_scaffold_log_automation_application_as_admin()
Login ValidationProfile image is displayed
Log out is displayed
Application logo is displayed
System Notification is displayed
All the verification points were confirmed post login
  And verify if user logged in sucessfully                                         # stepDefinitions.BaseDriver.verfiylogin()
24 Hours- Turbine Local Reportlog is displayed
  Then verify if "24 Hours- Turbine Local" report links are displayed              # stepDefinitions.BaseDriver.verifyReportLogsion(java.lang.String)
  And click on the "24 Hours- Turbine Local" link                                  # stepDefinitions.ReportLogs.clickReportLogs(java.lang.String)
24 Hours- Turbine Local
24 Hours- Turbine Local - Log No : 0
24 Hours- Turbine Local Report Log is displayed
  And verify if "24 Hours- Turbine Local" Report log page is displayed             # stepDefinitions.ReportLogs.verifyScaffoldReportLog(java.lang.String)
  Then Logout of the application                                                   # stepDefinitions.BaseDriver.logout_of_the_application()

Scenario Outline: Validation of different sections in the Portal for admin profile # src/test/resources/Feature/WebAdmin/Generic/LogReportsValidation-Generic.feature:45
DriverChromeDriver: chrome on XP (45598415873cabd43194398906074a49)
Step 1
Initializing the browserBrowser was launched and navigated to URL:https://scaffold-dev.deliverain.io:5000/Login
Scenarionull
Logged in
  Given Login into Scaffold Log Automation Application As Admin                    # stepDefinitions.GeneratorReportMain.login_into_scaffold_log_automation_application_as_admin()
Login ValidationProfile image is displayed
Log out is displayed
Application logo is displayed
System Notification is displayed
All the verification points were confirmed post login
  And verify if user logged in sucessfully                                         # stepDefinitions.BaseDriver.verfiylogin()
24 Hours- DM and BOPP Reportlog is displayed
  Then verify if "24 Hours- DM and BOPP" report links are displayed                # stepDefinitions.BaseDriver.verifyReportLogsion(java.lang.String)
  And click on the "24 Hours- DM and BOPP" link                                    # stepDefinitions.ReportLogs.clickReportLogs(java.lang.String)
24 Hours- DM and BOPP
24 Hours- DM and BOPP - Log No : 0
24 Hours- DM and BOPP Report Log is displayed
  And verify if "24 Hours- DM and BOPP" Report log page is displayed               # stepDefinitions.ReportLogs.verifyScaffoldReportLog(java.lang.String)
  Then Logout of the application                                                   # stepDefinitions.BaseDriver.logout_of_the_application()

Scenario Outline: Validation of different sections in the Portal for admin profile # src/test/resources/Feature/WebAdmin/Generic/LogReportsValidation-Generic.feature:46
DriverChromeDriver: chrome on XP (45598415873cabd43194398906074a49)
Step 1
Initializing the browserBrowser was launched and navigated to URL:https://scaffold-dev.deliverain.io:5000/Login
Scenarionull
Logged in
  Given Login into Scaffold Log Automation Application As Admin                    # stepDefinitions.GeneratorReportMain.login_into_scaffold_log_automation_application_as_admin()
Login ValidationProfile image is displayed
Log out is displayed
Application logo is displayed
System Notification is displayed
All the verification points were confirmed post login
  And verify if user logged in sucessfully                                         # stepDefinitions.BaseDriver.verfiylogin()
Day Shift - DM Plant Log Reportlog is displayed
  Then verify if "Day Shift - DM Plant Log" report links are displayed             # stepDefinitions.BaseDriver.verifyReportLogsion(java.lang.String)
  And click on the "Day Shift - DM Plant Log" link                                 # stepDefinitions.ReportLogs.clickReportLogs(java.lang.String)
Day Shift - DM Plant Log
Day Shift - DM Plant Log - Log No : 0
Day Shift - DM Plant Log Report Log is displayed
  And verify if "Day Shift - DM Plant Log" Report log page is displayed            # stepDefinitions.ReportLogs.verifyScaffoldReportLog(java.lang.String)
  Then Logout of the application                                                   # stepDefinitions.BaseDriver.logout_of_the_application()

Scenario Outline: Validation of different sections in the Portal for admin profile # src/test/resources/Feature/WebAdmin/Generic/LogReportsValidation-Generic.feature:47
DriverChromeDriver: chrome on XP (45598415873cabd43194398906074a49)
Step 1
Initializing the browserBrowser was launched and navigated to URL:https://scaffold-dev.deliverain.io:5000/Login
Scenarionull
Logged in
  Given Login into Scaffold Log Automation Application As Admin                    # stepDefinitions.GeneratorReportMain.login_into_scaffold_log_automation_application_as_admin()
Login ValidationProfile image is displayed
Log out is displayed
Application logo is displayed
System Notification is displayed
All the verification points were confirmed post login
  And verify if user logged in sucessfully                                         # stepDefinitions.BaseDriver.verfiylogin()
Equipment Change Over Log Reportlog is displayed
  Then verify if "Equipment Change Over Log" report links are displayed            # stepDefinitions.BaseDriver.verifyReportLogsion(java.lang.String)
  And click on the "Equipment Change Over Log" link                                # stepDefinitions.ReportLogs.clickReportLogs(java.lang.String)
Equipment Change Over Log
Equipment Change Over, Trial Run and Testing Log - Log No : 7
Equipment Change Over Log Report Log is not displayed
  And verify if "Equipment Change Over Log" Report log page is displayed           # stepDefinitions.ReportLogs.verifyScaffoldReportLog(java.lang.String)
  Then Logout of the application                                                   # stepDefinitions.BaseDriver.logout_of_the_application()

Scenario Outline: Verify if user is able to login with valid Admin credentials # src/test/resources/Feature/WebAdmin/Generic/LoginPageValidations.feature:13
Initializing the browserBrowser was launched and navigated to URL:https://scaffold-dev.deliverain.io:5000/Login
Driver----ChromeDriver: chrome on XP (45598415873cabd43194398906074a49)
Step2 AppURLhttps://scaffold-dev.deliverain.io:5000/Login
URL matching --> Part executed
  Given Navigate to scaffold v2 web application                                # stepDefinitions.LoginPageValidations.Navigatetoscaffoldwebapplication()
Loggin page issplayed
  Then Verify if login screen is displayed                                     # stepDefinitions.LoginPageValidations.loginscreendisplayed()
  And I enter the username "vinod.r@deliverain.com"                            # stepDefinitions.LoginPageValidations.Enterusername(java.lang.String)
  And I enter the password "Test@123"                                          # stepDefinitions.LoginPageValidations.Enterpassword(java.lang.String)
Logged in
  And I click on login button                                                  # stepDefinitions.LoginPageValidations.Clickonloginbutton()
Login ValidationProfile image is displayed
Log out is displayed
Application logo is displayed
System Notification is displayed
All the verification points were confirmed post login
  And verify if user logged in sucessfully                                     # stepDefinitions.BaseDriver.verfiylogin()

Scenario Outline: Verify if user is able to login with valid Reporter credentials # src/test/resources/Feature/WebAdmin/Generic/LoginPageValidations.feature:25
Initializing the browserBrowser was launched and navigated to URL:https://scaffold-dev.deliverain.io:5000/Login
Driver----ChromeDriver: chrome on XP (45598415873cabd43194398906074a49)
Step2 AppURLhttps://scaffold-dev.deliverain.io:5000/Login
URL matching --> Part executed
  Given Navigate to scaffold v2 web application                                   # stepDefinitions.LoginPageValidations.Navigatetoscaffoldwebapplication()
Loggin page issplayed
  Then Verify if login screen is displayed                                        # stepDefinitions.LoginPageValidations.loginscreendisplayed()
  And I enter the username "preeti.p@deliverain.com"                              # stepDefinitions.LoginPageValidations.Enterusername(java.lang.String)
  And I enter the password "Test@123"                                             # stepDefinitions.LoginPageValidations.Enterpassword(java.lang.String)
Logged in
  And I click on login button                                                     # stepDefinitions.LoginPageValidations.Clickonloginbutton()
Login ValidationProfile image is displayed
Log out is displayed
Application logo is displayed
System Notification is displayed
All the verification points were confirmed post login
  And verify if user logged in sucessfully                                        # stepDefinitions.BaseDriver.verfiylogin()

Scenario Outline: Verify if user is able to login with invalid credentials # src/test/resources/Feature/WebAdmin/Generic/LoginPageValidations.feature:38
Initializing the browserBrowser was launched and navigated to URL:https://scaffold-dev.deliverain.io:5000/Login
Driver----ChromeDriver: chrome on XP (45598415873cabd43194398906074a49)
Step2 AppURLhttps://scaffold-dev.deliverain.io:5000/Login
URL matching --> Part executed
  Given Navigate to scaffold v2 web application                            # stepDefinitions.LoginPageValidations.Navigatetoscaffoldwebapplication()
Loggin page issplayed
  Then Verify if login screen is displayed                                 # stepDefinitions.LoginPageValidations.loginscreendisplayed()
  And I enter the username "xcvp@deliverain.com"                           # stepDefinitions.LoginPageValidations.Enterusername(java.lang.String)
  And I enter the password "Test@"                                         # stepDefinitions.LoginPageValidations.Enterpassword(java.lang.String)
Logged in
  And I click on login button                                              # stepDefinitions.LoginPageValidations.Clickonloginbutton()
ErrorMessageIncorrect Email or Password
ErrorMessage is matching Incorrect Email or Password
  And verify if error message "Incorrect Email or Password" displayed      # stepDefinitions.LoginPageValidations.Verifyloginerrormessage(java.lang.String)

Scenario Outline: Verify if error message is displayed if username and password are not entered    # src/test/resources/Feature/WebAdmin/Generic/LoginPageValidations.feature:50
Initializing the browserBrowser was launched and navigated to URL:https://scaffold-dev.deliverain.io:5000/Login
Driver----ChromeDriver: chrome on XP (45598415873cabd43194398906074a49)
Step2 AppURLhttps://scaffold-dev.deliverain.io:5000/Login
URL matching --> Part executed
  Given Navigate to scaffold v2 web application                                                    # stepDefinitions.LoginPageValidations.Navigatetoscaffoldwebapplication()
Loggin page issplayed
  Then Verify if login screen is displayed                                                         # stepDefinitions.LoginPageValidations.loginscreendisplayed()
  And I enter the username ""                                                                      # stepDefinitions.LoginPageValidations.Enterusername(java.lang.String)
  And I enter the password ""                                                                      # stepDefinitions.LoginPageValidations.Enterpassword(java.lang.String)
Logged in
  And I click on login button                                                                      # stepDefinitions.LoginPageValidations.Clickonloginbutton()
UsernameMessageUsername field is required
ErrorMessage is matching Username field is required
UsernameMessagePassword field is required
ErrorMessage is matching Password field is required
  Then verify if error message "Username field is required" "Password field is required" displayed # stepDefinitions.LoginPageValidations.Verifyerrormessageifnousernameandpassword(java.lang.String,java.lang.String)

Scenario Outline: Verify if error message is displayed if username is not entered              # src/test/resources/Feature/WebAdmin/Generic/LoginPageValidations.feature:62
Initializing the browserBrowser was launched and navigated to URL:https://scaffold-dev.deliverain.io:5000/Login
Driver----ChromeDriver: chrome on XP (45598415873cabd43194398906074a49)
Step2 AppURLhttps://scaffold-dev.deliverain.io:5000/Login
URL matching --> Part executed
  Given Navigate to scaffold v2 web application                                                # stepDefinitions.LoginPageValidations.Navigatetoscaffoldwebapplication()
Loggin page issplayed
  Then Verify if login screen is displayed                                                     # stepDefinitions.LoginPageValidations.loginscreendisplayed()
  And I enter the username ""                                                                  # stepDefinitions.LoginPageValidations.Enterusername(java.lang.String)
  And I enter the password "Test@123"                                                          # stepDefinitions.LoginPageValidations.Enterpassword(java.lang.String)
Logged in
  And I click on login button                                                                  # stepDefinitions.LoginPageValidations.Clickonloginbutton()
UsernameMessageUsername field is required
ErrorMessage is matching Username field is required
  Then verify if error message "Username field is required" displayed for blank username field # stepDefinitions.LoginPageValidations.Verifyerrormessageifnousername(java.lang.String)

Scenario Outline: Verify if error message is displayed if password is not entered              # src/test/resources/Feature/WebAdmin/Generic/LoginPageValidations.feature:74
Initializing the browserBrowser was launched and navigated to URL:https://scaffold-dev.deliverain.io:5000/Login
Driver----ChromeDriver: chrome on XP (45598415873cabd43194398906074a49)
Step2 AppURLhttps://scaffold-dev.deliverain.io:5000/Login
URL matching --> Part executed
  Given Navigate to scaffold v2 web application                                                # stepDefinitions.LoginPageValidations.Navigatetoscaffoldwebapplication()
Loggin page issplayed
  Then Verify if login screen is displayed                                                     # stepDefinitions.LoginPageValidations.loginscreendisplayed()
  And I enter the username "preeti.p@deliverain.com"                                           # stepDefinitions.LoginPageValidations.Enterusername(java.lang.String)
  And I enter the password ""                                                                  # stepDefinitions.LoginPageValidations.Enterpassword(java.lang.String)
Logged in
  And I click on login button                                                                  # stepDefinitions.LoginPageValidations.Clickonloginbutton()
UsernameMessagePassword field is required
ErrorMessage is matching Password field is required
  Then verify if error message "Password field is required" displayed for blank password field # stepDefinitions.LoginPageValidations.Verifyerrormessageifnopassword(java.lang.String)

Scenario Outline: Validation of different sections in the Portal for admin profile # src/test/resources/Feature/WebAdmin/Generic/ReportLogsGeneric.feature:11
DriverChromeDriver: chrome on XP (45598415873cabd43194398906074a49)
Step 1
Initializing the browserBrowser was launched and navigated to URL:https://scaffold-dev.deliverain.io:5000/Login
Scenarionull
Logged in
  Given Login into Scaffold Log Automation Application As Admin                    # stepDefinitions.GeneratorReportMain.login_into_scaffold_log_automation_application_as_admin()
Login ValidationProfile image is displayed
Log out is displayed
Application logo is displayed
System Notification is displayed
All the verification points were confirmed post login
  And verify if user logged in sucessfully                                         # stepDefinitions.BaseDriver.verfiylogin()
Home Section is displayed
  Then verify if "Home" section is displayed                                       # stepDefinitions.BaseDriver.verifyScaffoldWebAppsection(java.lang.String)
  Given Logout of the application                                                  # stepDefinitions.BaseDriver.logout_of_the_application()

Scenario Outline: Validation of different sections in the Portal for admin profile # src/test/resources/Feature/WebAdmin/Generic/ReportLogsGeneric.feature:12
DriverChromeDriver: chrome on XP (45598415873cabd43194398906074a49)
Step 1
Initializing the browserBrowser was launched and navigated to URL:https://scaffold-dev.deliverain.io:5000/Login
Scenarionull
Logged in
  Given Login into Scaffold Log Automation Application As Admin                    # stepDefinitions.GeneratorReportMain.login_into_scaffold_log_automation_application_as_admin()
Login ValidationProfile image is displayed
Log out is displayed
Application logo is displayed
System Notification is displayed
All the verification points were confirmed post login
  And verify if user logged in sucessfully                                         # stepDefinitions.BaseDriver.verfiylogin()
Administration Section is displayed
  Then verify if "Administration" section is displayed                             # stepDefinitions.BaseDriver.verifyScaffoldWebAppsection(java.lang.String)
  Given Logout of the application                                                  # stepDefinitions.BaseDriver.logout_of_the_application()

Scenario Outline: Validation of different sections in the Portal for admin profile # src/test/resources/Feature/WebAdmin/Generic/ReportLogsGeneric.feature:13
DriverChromeDriver: chrome on XP (45598415873cabd43194398906074a49)
Step 1
Initializing the browserBrowser was launched and navigated to URL:https://scaffold-dev.deliverain.io:5000/Login
Scenarionull
Logged in
  Given Login into Scaffold Log Automation Application As Admin                    # stepDefinitions.GeneratorReportMain.login_into_scaffold_log_automation_application_as_admin()
Login ValidationProfile image is displayed
Log out is displayed
Application logo is displayed
System Notification is displayed
All the verification points were confirmed post login
  And verify if user logged in sucessfully                                         # stepDefinitions.BaseDriver.verfiylogin()
Analytics Section is displayed
  Then verify if "Analytics" section is displayed                                  # stepDefinitions.BaseDriver.verifyScaffoldWebAppsection(java.lang.String)
  Given Logout of the application                                                  # stepDefinitions.BaseDriver.logout_of_the_application()

Scenario Outline: Validation of different sections in the Portal for admin profile # src/test/resources/Feature/WebAdmin/Generic/ReportLogsGeneric.feature:14
DriverChromeDriver: chrome on XP (45598415873cabd43194398906074a49)
Step 1
Initializing the browserBrowser was launched and navigated to URL:https://scaffold-dev.deliverain.io:5000/Login
Scenarionull
Logged in
  Given Login into Scaffold Log Automation Application As Admin                    # stepDefinitions.GeneratorReportMain.login_into_scaffold_log_automation_application_as_admin()
Login ValidationProfile image is displayed
Log out is displayed
Application logo is displayed
System Notification is displayed
All the verification points were confirmed post login
  And verify if user logged in sucessfully                                         # stepDefinitions.BaseDriver.verfiylogin()
Report Section is displayed
  Then verify if "Report" section is displayed                                     # stepDefinitions.BaseDriver.verifyScaffoldWebAppsection(java.lang.String)
  Given Logout of the application                                                  # stepDefinitions.BaseDriver.logout_of_the_application()

Scenario Outline: Verify if all headers are displayed in the table # src/test/resources/Feature/WebAdmin/Generic/UserListValidations.feature:9
DriverChromeDriver: chrome on XP (45598415873cabd43194398906074a49)
Step 1
Initializing the browserBrowser was launched and navigated to URL:https://scaffold-dev.deliverain.io:5000/Login
Scenarionull
Logged in
  Given Login into Scaffold Log Automation Application As Admin    # stepDefinitions.GeneratorReportMain.login_into_scaffold_log_automation_application_as_admin()
Login ValidationProfile image is displayed
Log out is displayed
Application logo is displayed
System Notification is displayed
All the verification points were confirmed post login
  And verify if user logged in sucessfully                         # stepDefinitions.BaseDriver.verfiylogin()
Headers[[[ChromeDriver: chrome on XP (45598415873cabd43194398906074a49)] -> xpath: //div[@class="table-responsive"]//thead//th], [[ChromeDriver: chrome on XP (45598415873cabd43194398906074a49)] -> xpath: //div[@class="table-responsive"]//thead//th], [[ChromeDriver: chrome on XP (45598415873cabd43194398906074a49)] -> xpath: //div[@class="table-responsive"]//thead//th], [[ChromeDriver: chrome on XP (45598415873cabd43194398906074a49)] -> xpath: //div[@class="table-responsive"]//thead//th], [[ChromeDriver: chrome on XP (45598415873cabd43194398906074a49)] -> xpath: //div[@class="table-responsive"]//thead//th], [[ChromeDriver: chrome on XP (45598415873cabd43194398906074a49)] -> xpath: //div[@class="table-responsive"]//thead//th], [[ChromeDriver: chrome on XP (45598415873cabd43194398906074a49)] -> xpath: //div[@class="table-responsive"]//thead//th]]Headers-----First NameHeaders are displayed  Then verify All headers "First Name" are displayed               # stepDefinitions.UserListValidations.Verifyallheaders(java.lang.String)

Scenario Outline: Verify if all headers are displayed in the table # src/test/resources/Feature/WebAdmin/Generic/UserListValidations.feature:10
DriverChromeDriver: chrome on XP (45598415873cabd43194398906074a49)
Step 1
Initializing the browserBrowser was launched and navigated to URL:https://scaffold-dev.deliverain.io:5000/Login
Scenarionull
Logged in
  Given Login into Scaffold Log Automation Application As Admin    # stepDefinitions.GeneratorReportMain.login_into_scaffold_log_automation_application_as_admin()
Login ValidationProfile image is displayed
Log out is displayed
Application logo is displayed
System Notification is displayed
All the verification points were confirmed post login
  And verify if user logged in sucessfully                         # stepDefinitions.BaseDriver.verfiylogin()
Headers[[[ChromeDriver: chrome on XP (45598415873cabd43194398906074a49)] -> xpath: //div[@class="table-responsive"]//thead//th], [[ChromeDriver: chrome on XP (45598415873cabd43194398906074a49)] -> xpath: //div[@class="table-responsive"]//thead//th], [[ChromeDriver: chrome on XP (45598415873cabd43194398906074a49)] -> xpath: //div[@class="table-responsive"]//thead//th], [[ChromeDriver: chrome on XP (45598415873cabd43194398906074a49)] -> xpath: //div[@class="table-responsive"]//thead//th], [[ChromeDriver: chrome on XP (45598415873cabd43194398906074a49)] -> xpath: //div[@class="table-responsive"]//thead//th], [[ChromeDriver: chrome on XP (45598415873cabd43194398906074a49)] -> xpath: //div[@class="table-responsive"]//thead//th], [[ChromeDriver: chrome on XP (45598415873cabd43194398906074a49)] -> xpath: //div[@class="table-responsive"]//thead//th]]Headers-----First NameHeaders-----EmailHeaders are displayed  Then verify All headers "Email" are displayed                    # stepDefinitions.UserListValidations.Verifyallheaders(java.lang.String)

Scenario Outline: Verify if all headers are displayed in the table # src/test/resources/Feature/WebAdmin/Generic/UserListValidations.feature:11
DriverChromeDriver: chrome on XP (45598415873cabd43194398906074a49)
Step 1
Initializing the browserBrowser was launched and navigated to URL:https://scaffold-dev.deliverain.io:5000/Login
Scenarionull
Logged in
  Given Login into Scaffold Log Automation Application As Admin    # stepDefinitions.GeneratorReportMain.login_into_scaffold_log_automation_application_as_admin()
Login ValidationProfile image is displayed
Log out is displayed
Application logo is displayed
System Notification is displayed
All the verification points were confirmed post login
  And verify if user logged in sucessfully                         # stepDefinitions.BaseDriver.verfiylogin()
Headers[[[ChromeDriver: chrome on XP (45598415873cabd43194398906074a49)] -> xpath: //div[@class="table-responsive"]//thead//th], [[ChromeDriver: chrome on XP (45598415873cabd43194398906074a49)] -> xpath: //div[@class="table-responsive"]//thead//th], [[ChromeDriver: chrome on XP (45598415873cabd43194398906074a49)] -> xpath: //div[@class="table-responsive"]//thead//th], [[ChromeDriver: chrome on XP (45598415873cabd43194398906074a49)] -> xpath: //div[@class="table-responsive"]//thead//th], [[ChromeDriver: chrome on XP (45598415873cabd43194398906074a49)] -> xpath: //div[@class="table-responsive"]//thead//th], [[ChromeDriver: chrome on XP (45598415873cabd43194398906074a49)] -> xpath: //div[@class="table-responsive"]//thead//th], [[ChromeDriver: chrome on XP (45598415873cabd43194398906074a49)] -> xpath: //div[@class="table-responsive"]//thead//th]]Headers-----First NameHeaders-----EmailHeaders-----RoleHeaders are displayed  Then verify All headers "Role" are displayed                     # stepDefinitions.UserListValidations.Verifyallheaders(java.lang.String)

Scenario Outline: Verify if all headers are displayed in the table # src/test/resources/Feature/WebAdmin/Generic/UserListValidations.feature:12
DriverChromeDriver: chrome on XP (45598415873cabd43194398906074a49)
Step 1
Initializing the browserBrowser was launched and navigated to URL:https://scaffold-dev.deliverain.io:5000/Login
Scenarionull
Logged in
  Given Login into Scaffold Log Automation Application As Admin    # stepDefinitions.GeneratorReportMain.login_into_scaffold_log_automation_application_as_admin()
Login ValidationProfile image is displayed
Log out is displayed
Application logo is displayed
System Notification is displayed
All the verification points were confirmed post login
  And verify if user logged in sucessfully                         # stepDefinitions.BaseDriver.verfiylogin()
Headers[[[ChromeDriver: chrome on XP (45598415873cabd43194398906074a49)] -> xpath: //div[@class="table-responsive"]//thead//th], [[ChromeDriver: chrome on XP (45598415873cabd43194398906074a49)] -> xpath: //div[@class="table-responsive"]//thead//th], [[ChromeDriver: chrome on XP (45598415873cabd43194398906074a49)] -> xpath: //div[@class="table-responsive"]//thead//th], [[ChromeDriver: chrome on XP (45598415873cabd43194398906074a49)] -> xpath: //div[@class="table-responsive"]//thead//th], [[ChromeDriver: chrome on XP (45598415873cabd43194398906074a49)] -> xpath: //div[@class="table-responsive"]//thead//th], [[ChromeDriver: chrome on XP (45598415873cabd43194398906074a49)] -> xpath: //div[@class="table-responsive"]//thead//th], [[ChromeDriver: chrome on XP (45598415873cabd43194398906074a49)] -> xpath: //div[@class="table-responsive"]//thead//th]]Headers-----First NameHeaders-----EmailHeaders-----RoleHeaders-----LocationHeaders are displayed  Then verify All headers "Location" are displayed                 # stepDefinitions.UserListValidations.Verifyallheaders(java.lang.String)

Scenario Outline: Verify if all headers are displayed in the table # src/test/resources/Feature/WebAdmin/Generic/UserListValidations.feature:13
DriverChromeDriver: chrome on XP (45598415873cabd43194398906074a49)
Step 1
Initializing the browserBrowser was launched and navigated to URL:https://scaffold-dev.deliverain.io:5000/Login
Scenarionull
Logged in
  Given Login into Scaffold Log Automation Application As Admin    # stepDefinitions.GeneratorReportMain.login_into_scaffold_log_automation_application_as_admin()
Login ValidationProfile image is displayed
Log out is displayed
Application logo is displayed
System Notification is displayed
All the verification points were confirmed post login
  And verify if user logged in sucessfully                         # stepDefinitions.BaseDriver.verfiylogin()
Headers[[[ChromeDriver: chrome on XP (45598415873cabd43194398906074a49)] -> xpath: //div[@class="table-responsive"]//thead//th], [[ChromeDriver: chrome on XP (45598415873cabd43194398906074a49)] -> xpath: //div[@class="table-responsive"]//thead//th], [[ChromeDriver: chrome on XP (45598415873cabd43194398906074a49)] -> xpath: //div[@class="table-responsive"]//thead//th], [[ChromeDriver: chrome on XP (45598415873cabd43194398906074a49)] -> xpath: //div[@class="table-responsive"]//thead//th], [[ChromeDriver: chrome on XP (45598415873cabd43194398906074a49)] -> xpath: //div[@class="table-responsive"]//thead//th], [[ChromeDriver: chrome on XP (45598415873cabd43194398906074a49)] -> xpath: //div[@class="table-responsive"]//thead//th], [[ChromeDriver: chrome on XP (45598415873cabd43194398906074a49)] -> xpath: //div[@class="table-responsive"]//thead//th]]Headers-----First NameHeaders-----EmailHeaders-----RoleHeaders-----LocationHeaders-----ShiftHeaders are displayed  Then verify All headers "Shift" are displayed                    # stepDefinitions.UserListValidations.Verifyallheaders(java.lang.String)

Scenario Outline: Verify if all headers are displayed in the table # src/test/resources/Feature/WebAdmin/Generic/UserListValidations.feature:14
DriverChromeDriver: chrome on XP (45598415873cabd43194398906074a49)
Step 1
Initializing the browserBrowser was launched and navigated to URL:https://scaffold-dev.deliverain.io:5000/Login
Scenarionull
Logged in
  Given Login into Scaffold Log Automation Application As Admin    # stepDefinitions.GeneratorReportMain.login_into_scaffold_log_automation_application_as_admin()
Login ValidationProfile image is displayed
Log out is displayed
Application logo is displayed
System Notification is displayed
All the verification points were confirmed post login
  And verify if user logged in sucessfully                         # stepDefinitions.BaseDriver.verfiylogin()
Headers[[[ChromeDriver: chrome on XP (45598415873cabd43194398906074a49)] -> xpath: //div[@class="table-responsive"]//thead//th], [[ChromeDriver: chrome on XP (45598415873cabd43194398906074a49)] -> xpath: //div[@class="table-responsive"]//thead//th], [[ChromeDriver: chrome on XP (45598415873cabd43194398906074a49)] -> xpath: //div[@class="table-responsive"]//thead//th], [[ChromeDriver: chrome on XP (45598415873cabd43194398906074a49)] -> xpath: //div[@class="table-responsive"]//thead//th], [[ChromeDriver: chrome on XP (45598415873cabd43194398906074a49)] -> xpath: //div[@class="table-responsive"]//thead//th], [[ChromeDriver: chrome on XP (45598415873cabd43194398906074a49)] -> xpath: //div[@class="table-responsive"]//thead//th], [[ChromeDriver: chrome on XP (45598415873cabd43194398906074a49)] -> xpath: //div[@class="table-responsive"]//thead//th]]Headers-----First NameHeaders-----EmailHeaders-----RoleHeaders-----LocationHeaders-----ShiftHeaders-----PhoneHeaders are displayed  Then verify All headers "Phone" are displayed                    # stepDefinitions.UserListValidations.Verifyallheaders(java.lang.String)

Scenario Outline: Verify if all headers are displayed in the table # src/test/resources/Feature/WebAdmin/Generic/UserListValidations.feature:15
DriverChromeDriver: chrome on XP (45598415873cabd43194398906074a49)
Step 1
Initializing the browserBrowser was launched and navigated to URL:https://scaffold-dev.deliverain.io:5000/Login
Scenarionull
Logged in
  Given Login into Scaffold Log Automation Application As Admin    # stepDefinitions.GeneratorReportMain.login_into_scaffold_log_automation_application_as_admin()
Login ValidationProfile image is displayed
Log out is displayed
Application logo is displayed
System Notification is displayed
All the verification points were confirmed post login
  And verify if user logged in sucessfully                         # stepDefinitions.BaseDriver.verfiylogin()
Headers[[[ChromeDriver: chrome on XP (45598415873cabd43194398906074a49)] -> xpath: //div[@class="table-responsive"]//thead//th], [[ChromeDriver: chrome on XP (45598415873cabd43194398906074a49)] -> xpath: //div[@class="table-responsive"]//thead//th], [[ChromeDriver: chrome on XP (45598415873cabd43194398906074a49)] -> xpath: //div[@class="table-responsive"]//thead//th], [[ChromeDriver: chrome on XP (45598415873cabd43194398906074a49)] -> xpath: //div[@class="table-responsive"]//thead//th], [[ChromeDriver: chrome on XP (45598415873cabd43194398906074a49)] -> xpath: //div[@class="table-responsive"]//thead//th], [[ChromeDriver: chrome on XP (45598415873cabd43194398906074a49)] -> xpath: //div[@class="table-responsive"]//thead//th], [[ChromeDriver: chrome on XP (45598415873cabd43194398906074a49)] -> xpath: //div[@class="table-responsive"]//thead//th]]Headers-----First NameHeaders-----EmailHeaders-----RoleHeaders-----LocationHeaders-----ShiftHeaders-----PhoneHeaders-----ActionHeaders are displayed  Then verify All headers "Action" are displayed                   # stepDefinitions.UserListValidations.Verifyallheaders(java.lang.String)

Scenario Outline: Verify Action is displayed in the table # src/test/resources/Feature/WebAdmin/Generic/UserListValidations.feature:28
Initializing the browserBrowser was launched and navigated to URL:https://scaffold-dev.deliverain.io:5000/Login
Driver----ChromeDriver: chrome on XP (45598415873cabd43194398906074a49)
Step2 AppURLhttps://scaffold-dev.deliverain.io:5000/Login
URL matching --> Part executed
  Given Navigate to scaffold v2 web application           # stepDefinitions.LoginPageValidations.Navigatetoscaffoldwebapplication()
Loggin page issplayed
  Then Verify if login screen is displayed                # stepDefinitions.LoginPageValidations.loginscreendisplayed()
  And I enter the username "vinod.r@deliverain.com"       # stepDefinitions.LoginPageValidations.Enterusername(java.lang.String)
  And I enter the password "Test@123"                     # stepDefinitions.LoginPageValidations.Enterpassword(java.lang.String)
Logged in
  And I click on login button                             # stepDefinitions.LoginPageValidations.Clickonloginbutton()
Login ValidationProfile image is displayed
Log out is displayed
Application logo is displayed
System Notification is displayed
All the verification points were confirmed post login
  And verify if user logged in sucessfully                # stepDefinitions.BaseDriver.verfiylogin()
Edit is displayedtrueDelete is displayedtrue  Then verify Action buttons are displayed                # stepDefinitions.UserListValidations.Verifyactionbuttonds()

Scenario Outline: Verify if the newly added record is deleted   # src/test/resources/Feature/WebAdmin/Generic/UserListValidations.feature:32
DriverChromeDriver: chrome on XP (45598415873cabd43194398906074a49)
Step 1
Initializing the browserBrowser was launched and navigated to URL:https://scaffold-dev.deliverain.io:5000/Login
Scenarionull
Logged in
  Given Login into Scaffold Log Automation Application As Admin # stepDefinitions.GeneratorReportMain.login_into_scaffold_log_automation_application_as_admin()
Login ValidationProfile image is displayed
Log out is displayed
Application logo is displayed
System Notification is displayed
All the verification points were confirmed post login
  And verify if user logged in sucessfully                      # stepDefinitions.BaseDriver.verfiylogin()
  And Click on Add Record button                                # stepDefinitions.UserListValidations.Clickonaddrecordbutton()
  Then I Create user                                            # stepDefinitions.UserListValidations.Createuser()
last record is Deleted  And I delete a record                                         # stepDefinitions.UserListValidations.Ideleterecord()

Scenario Outline: Verify if the newly added record is edited    # src/test/resources/Feature/WebAdmin/Generic/UserListValidations.feature:42
DriverChromeDriver: chrome on XP (45598415873cabd43194398906074a49)
Step 1
Initializing the browserBrowser was launched and navigated to URL:https://scaffold-dev.deliverain.io:5000/Login
Scenarionull
Logged in
  Given Login into Scaffold Log Automation Application As Admin # stepDefinitions.GeneratorReportMain.login_into_scaffold_log_automation_application_as_admin()
Login ValidationProfile image is displayed
Log out is displayed
Application logo is displayed
System Notification is displayed
All the verification points were confirmed post login
  And verify if user logged in sucessfully                      # stepDefinitions.BaseDriver.verfiylogin()
  And Click on Add Record button                                # stepDefinitions.UserListValidations.Clickonaddrecordbutton()
  Then I Create user                                            # stepDefinitions.UserListValidations.Createuser()
Edit  is clicked  And Click on edit                                             # stepDefinitions.UserListValidations.Clickonedit()
  And I edit a record                                           # stepDefinitions.UserListValidations.Editrecord()
Edited text is matchingEdit User Successful  Then Verify the changes                                       # stepDefinitions.UserListValidations.Verifthechanges()

Scenario Outline: Verify user list page is displayed if cancel button is click on create user page # src/test/resources/Feature/WebAdmin/Generic/UserListValidations.feature:51
DriverChromeDriver: chrome on XP (45598415873cabd43194398906074a49)
Step 1
Initializing the browserBrowser was launched and navigated to URL:https://scaffold-dev.deliverain.io:5000/Login
Scenarionull
Logged in
  Given Login into Scaffold Log Automation Application As Admin                                    # stepDefinitions.GeneratorReportMain.login_into_scaffold_log_automation_application_as_admin()
Login ValidationProfile image is displayed
Log out is displayed
Application logo is displayed
System Notification is displayed
All the verification points were confirmed post login
  And verify if user logged in sucessfully                                                         # stepDefinitions.BaseDriver.verfiylogin()
  And Click on Add Record button                                                                   # stepDefinitions.UserListValidations.Clickonaddrecordbutton()
  Then Click on cancel button on create user page                                                  # stepDefinitions.UserListValidations.Clickoncancelbutton()
  And Verify the user list page                                                                    # stepDefinitions.UserListValidations.Verifyuserlistpage()
]]></system-out>
    <system-err><![CDATA[[TestNG] [ERROR] No test suite found. Nothing to run
SLF4J: Failed to load class "org.slf4j.impl.StaticLoggerBinder".
SLF4J: Defaulting to no-operation (NOP) logger implementation
SLF4J: See http://www.slf4j.org/codes.html#StaticLoggerBinder for further details.
Starting ChromeDriver 100.0.4896.60 (6a5d10861ce8de5fce22564658033b43cb7de047-refs/branch-heads/4896@{#875}) on port 4407
Only local connections are allowed.
Please see https://chromedriver.chromium.org/security-considerations for suggestions on keeping ChromeDriver safe.
ChromeDriver was started successfully.
log4j:WARN No appenders could be found for logger (org.apache.http.client.protocol.RequestAddCookies).
log4j:WARN Please initialize the log4j system properly.
log4j:WARN See http://logging.apache.org/log4j/1.2/faq.html#noconfig for more info.
Apr 13, 2022 9:18:18 PM org.openqa.selenium.remote.ProtocolHandshake createSession
INFO: Detected dialect: W3C
┌───────────────────────────────────────────────────────────────────────────────────┐
│ Share your Cucumber Report with your team at https://reports.cucumber.io          │
│ Activate publishing with one of the following:                                    │
│                                                                                   │
│ src/test/resources/cucumber.properties:          cucumber.publish.enabled=true    │
│ src/test/resources/junit-platform.properties:    cucumber.publish.enabled=true    │
│ Environment variable:                            CUCUMBER_PUBLISH_ENABLED=true    │
│ JUnit:                                           @CucumberOptions(publish = true) │
│                                                                                   │
│ More information at https://reports.cucumber.io/docs/cucumber-jvm                 │
│                                                                                   │
│ Disable this message with one of the following:                                   │
│                                                                                   │
│ src/test/resources/cucumber.properties:          cucumber.publish.quiet=true      │
│ src/test/resources/junit-platform.properties:    cucumber.publish.quiet=true      │
└───────────────────────────────────────────────────────────────────────────────────┘
]]></system-err>
  </testcase>
</testsuite>