<?xml version="1.0" encoding="UTF-8"?>
<testng-results skipped="0" failed="0" total="0" passed="0">
  <reporter-output>
  </reporter-output>
  <suite name="Surefire suite" duration-ms="1863681" started-at="2022-04-22T12:58:37Z" finished-at="2022-04-22T13:29:41Z">
    <groups>
    </groups>
    <test name="Surefire test" duration-ms="1863681" started-at="2022-04-22T12:58:37Z" finished-at="2022-04-22T13:29:41Z">
    </test> <!-- Surefire test -->
  </suite> <!-- Surefire suite -->
</testng-results>
